[  6277.721] 
X.Org X Server 1.21.1.16
X Protocol Version 11, Revision 0
[  6277.722] Current Operating System: Linux debian 6.12.73+deb13-amd64 #1 SMP PREEMPT_DYNAMIC Debian 6.12.73-1 (2026-02-17) x86_64
[  6277.722] Kernel command line: BOOT_IMAGE=/boot/vmlinuz-6.12.73+deb13-amd64 root=UUID=311c6c51-7ca3-4cc4-a8a9-6c244ba7ecf6 ro quiet
[  6277.722] xorg-server 2:21.1.16-1.3+deb13u1 (https://www.debian.org/support) 
[  6277.722] Current version of pixman: 0.44.0
[  6277.723] 	Before reporting problems, check http://wiki.x.org
	to make sure that you have the latest version.
[  6277.723] Markers: (--) probed, (**) from config file, (==) default setting,
	(++) from command line, (!!) notice, (II) informational,
	(WW) warning, (EE) error, (NI) not implemented, (??) unknown.
[  6277.723] (==) Log file: "/home/wrs/.local/share/xorg/Xorg.1.log", Time: Sat Feb 21 21:54:13 2026
[  6277.723] (==) Using system config directory "/usr/share/X11/xorg.conf.d"
[  6277.724] (==) No Layout section.  Using the first Screen section.
[  6277.724] (==) No screen section available. Using defaults.
[  6277.724] (**) |-->Screen "Default Screen Section" (0)
[  6277.724] (**) |   |-->Monitor "<default monitor>"
[  6277.724] (==) No monitor specified for screen "Default Screen Section".
	Using a default monitor configuration.
[  6277.724] (**) Allowing byte-swapped clients
[  6277.724] (==) Automatically adding devices
[  6277.724] (==) Automatically enabling devices
[  6277.724] (==) Automatically adding GPU devices
[  6277.724] (==) Automatically binding GPU devices
[  6277.724] (==) Max clients allowed: 256, resource mask: 0x1fffff
[  6277.724] (WW) The directory "/usr/share/fonts/X11/cyrillic" does not exist.
[  6277.724] 	Entry deleted from font path.
[  6277.724] (==) FontPath set to:
	/usr/share/fonts/X11/misc,
	/usr/share/fonts/X11/100dpi/:unscaled,
	/usr/share/fonts/X11/75dpi/:unscaled,
	/usr/share/fonts/X11/Type1,
	/usr/share/fonts/X11/100dpi,
	/usr/share/fonts/X11/75dpi,
	built-ins
[  6277.724] (==) ModulePath set to "/usr/lib/xorg/modules"
[  6277.724] (II) The server relies on udev to provide the list of input devices.
	If no devices become available, reconfigure udev or disable AutoAddDevices.
[  6277.724] (II) Loader magic: 0x562422f44f00
[  6277.724] (II) Module ABI versions:
[  6277.724] 	X.Org ANSI C Emulation: 0.4
[  6277.724] 	X.Org Video Driver: 25.2
[  6277.724] 	X.Org XInput driver : 24.4
[  6277.724] 	X.Org Server Extension : 10.0
[  6277.727] (++) using VT number 3

[  6277.731] (II) systemd-logind: took control of session /org/freedesktop/login1/session/_35
[  6277.738] (II) xfree86: Adding drm device (/dev/dri/card0)
[  6277.738] (II) Platform probe for /sys/devices/pci0000:00/0000:00:02.0/drm/card0
[  6277.740] (II) systemd-logind: got fd for /dev/dri/card0 226:0 fd 13 paused 0
[  6277.744] (--) PCI:*(0@0:2:0) 15ad:0405:15ad:0405 rev 0, Mem @ 0xe0000000/268435456, 0xf0000000/2097152, I/O @ 0x0000d010/16, BIOS @ 0x????????/131072
[  6277.744] (II) LoadModule: "glx"
[  6277.744] (II) Loading /usr/lib/xorg/modules/extensions/libglx.so
[  6277.746] (II) Module glx: vendor="X.Org Foundation"
[  6277.746] 	compiled for 1.21.1.16, module version = 1.0.0
[  6277.746] 	ABI class: X.Org Server Extension, version 10.0
[  6277.746] (==) Matched vmware as autoconfigured driver 0
[  6277.746] (==) Matched modesetting as autoconfigured driver 1
[  6277.746] (==) Matched fbdev as autoconfigured driver 2
[  6277.746] (==) Matched vesa as autoconfigured driver 3
[  6277.746] (==) Assigned the driver to the xf86ConfigLayout
[  6277.746] (II) LoadModule: "vmware"
[  6277.747] (II) Loading /usr/lib/xorg/modules/drivers/vmware_drv.so
[  6277.774] (II) Module vmware: vendor="X.Org Foundation"
[  6277.774] 	compiled for 1.21.1.9, module version = 13.4.0
[  6277.774] 	Module class: X.Org Video Driver
[  6277.774] 	ABI class: X.Org Video Driver, version 25.2
[  6277.774] (II) LoadModule: "modesetting"
[  6277.774] (II) Loading /usr/lib/xorg/modules/drivers/modesetting_drv.so
[  6277.775] (II) Module modesetting: vendor="X.Org Foundation"
[  6277.775] 	compiled for 1.21.1.16, module version = 1.21.1
[  6277.775] 	Module class: X.Org Video Driver
[  6277.775] 	ABI class: X.Org Video Driver, version 25.2
[  6277.775] (II) LoadModule: "fbdev"
[  6277.775] (II) Loading /usr/lib/xorg/modules/drivers/fbdev_drv.so
[  6277.775] (II) Module fbdev: vendor="X.Org Foundation"
[  6277.775] 	compiled for 1.21.1.3, module version = 0.5.0
[  6277.775] 	Module class: X.Org Video Driver
[  6277.775] 	ABI class: X.Org Video Driver, version 25.2
[  6277.775] (II) LoadModule: "vesa"
[  6277.775] (II) Loading /usr/lib/xorg/modules/drivers/vesa_drv.so
[  6277.775] (II) Module vesa: vendor="X.Org Foundation"
[  6277.775] 	compiled for 1.21.1.15, module version = 2.6.0
[  6277.775] 	Module class: X.Org Video Driver
[  6277.775] 	ABI class: X.Org Video Driver, version 25.2
[  6277.775] (II) vmware: driver for VMware SVGA: vmware0405, vmware0710
[  6277.775] (II) modesetting: Driver for Modesetting Kernel Drivers: kms
[  6277.775] (II) FBDEV: driver for framebuffer: fbdev
[  6277.775] (II) VESA: driver for VESA chipsets: vesa
[  6277.775] xf86EnableIO: failed to enable I/O ports 0000-03ff (Operation not permitted)
[  6277.775] (WW) Falling back to old probe method for modesetting
[  6277.775] (WW) Falling back to old probe method for fbdev
[  6277.775] (II) Loading sub module "fbdevhw"
[  6277.775] (II) LoadModule: "fbdevhw"
[  6277.775] (II) Loading /usr/lib/xorg/modules/libfbdevhw.so
[  6277.775] (II) Module fbdevhw: vendor="X.Org Foundation"
[  6277.775] 	compiled for 1.21.1.16, module version = 0.0.2
[  6277.775] 	ABI class: X.Org Video Driver, version 25.2
[  6277.775] (WW) VGA arbiter: cannot open kernel arbiter, no multi-card support
[  6277.775] (II) vmware(0): Creating default Display subsection in Screen section
	"Default Screen Section" for depth/fbbpp 24/32
[  6277.775] (--) vmware(0): DRM driver version is 2.20.0
[  6277.775] (==) vmware(0): Depth 24, (--) framebuffer bpp 32
[  6277.775] (==) vmware(0): RGB weight 888
[  6277.775] (==) vmware(0): Default visual is TrueColor
[  6277.775] (--) vmware(0): Min width 1, Max Width 16384.
[  6277.775] (--) vmware(0): Min height 1, Max Height 16384.
[  6277.776] (II) vmware(0): Output Virtual1 has no monitor section
[  6277.776] (II) vmware(0): Output Virtual2 has no monitor section
[  6277.776] (II) vmware(0): Output Virtual3 has no monitor section
[  6277.776] (II) vmware(0): Output Virtual4 has no monitor section
[  6277.776] (II) vmware(0): Output Virtual5 has no monitor section
[  6277.776] (II) vmware(0): Output Virtual6 has no monitor section
[  6277.776] (II) vmware(0): Output Virtual7 has no monitor section
[  6277.776] (II) vmware(0): Output Virtual8 has no monitor section
[  6277.776] (II) vmware(0): Printing probed modes for output Virtual1
[  6277.776] (II) vmware(0): Modeline "1280x800"x60.0   81.51  1280 1330 1380 1430  800 850 900 950 -hsync +vsync (57.0 kHz eP)
[  6277.776] (II) vmware(0): Modeline "4096x2160"x60.0  556.74  4096 4104 4136 4176  2160 2208 2216 2222 +hsync -vsync (133.3 kHz e)
[  6277.776] (II) vmware(0): Modeline "4096x2160"x59.9  556.19  4096 4104 4136 4176  2160 2208 2216 2222 +hsync -vsync (133.2 kHz e)
[  6277.776] (II) vmware(0): Modeline "2560x1600"x60.0  348.50  2560 2752 3032 3504  1600 1603 1609 1658 -hsync +vsync (99.5 kHz e)
[  6277.776] (II) vmware(0): Modeline "2560x1600"x60.0  268.50  2560 2608 2640 2720  1600 1603 1609 1646 +hsync -vsync (98.7 kHz e)
[  6277.776] (II) vmware(0): Modeline "1920x1440"x60.0  234.00  1920 2048 2256 2600  1440 1441 1444 1500 -hsync +vsync (90.0 kHz e)
[  6277.776] (II) vmware(0): Modeline "1856x1392"x60.0  218.25  1856 1952 2176 2528  1392 1393 1396 1439 -hsync +vsync (86.3 kHz e)
[  6277.776] (II) vmware(0): Modeline "1792x1344"x60.0  204.75  1792 1920 2120 2448  1344 1345 1348 1394 -hsync +vsync (83.6 kHz e)
[  6277.776] (II) vmware(0): Modeline "2048x1152"x60.0  162.00  2048 2074 2154 2250  1152 1153 1156 1200 +hsync +vsync (72.0 kHz e)
[  6277.776] (II) vmware(0): Modeline "1920x1200"x59.9  193.25  1920 2056 2256 2592  1200 1203 1209 1245 -hsync +vsync (74.6 kHz e)
[  6277.776] (II) vmware(0): Modeline "1920x1200"x60.0  154.00  1920 1968 2000 2080  1200 1203 1209 1235 +hsync -vsync (74.0 kHz e)
[  6277.776] (II) vmware(0): Modeline "1920x1080"x60.0  148.50  1920 2008 2052 2200  1080 1084 1089 1125 -hsync -vsync (67.5 kHz e)
[  6277.776] (II) vmware(0): Modeline "1600x1200"x60.0  162.00  1600 1664 1856 2160  1200 1201 1204 1250 +hsync +vsync (75.0 kHz e)
[  6277.776] (II) vmware(0): Modeline "1680x1050"x60.0  146.25  1680 1784 1960 2240  1050 1053 1059 1089 -hsync +vsync (65.3 kHz e)
[  6277.776] (II) vmware(0): Modeline "1680x1050"x59.9  119.00  1680 1728 1760 1840  1050 1053 1059 1080 +hsync -vsync (64.7 kHz e)
[  6277.776] (II) vmware(0): Modeline "1400x1050"x60.0  121.75  1400 1488 1632 1864  1050 1053 1057 1089 -hsync +vsync (65.3 kHz e)
[  6277.776] (II) vmware(0): Modeline "1400x1050"x59.9  101.00  1400 1448 1480 1560  1050 1053 1057 1080 +hsync -vsync (64.7 kHz e)
[  6277.776] (II) vmware(0): Modeline "1600x900"x60.0  108.00  1600 1624 1704 1800  900 901 904 1000 +hsync +vsync (60.0 kHz e)
[  6277.776] (II) vmware(0): Modeline "1280x1024"x60.0  108.00  1280 1328 1440 1688  1024 1025 1028 1066 +hsync +vsync (64.0 kHz e)
[  6277.776] (II) vmware(0): Modeline "1440x900"x59.9  106.50  1440 1520 1672 1904  900 903 909 934 -hsync +vsync (55.9 kHz e)
[  6277.776] (II) vmware(0): Modeline "1440x900"x59.9   88.75  1440 1488 1520 1600  900 903 909 926 +hsync -vsync (55.5 kHz e)
[  6277.776] (II) vmware(0): Modeline "1280x960"x60.0  108.00  1280 1376 1488 1800  960 961 964 1000 +hsync +vsync (60.0 kHz e)
[  6277.776] (II) vmware(0): Modeline "1366x768"x59.8   85.50  1366 1436 1579 1792  768 771 774 798 +hsync +vsync (47.7 kHz e)
[  6277.776] (II) vmware(0): Modeline "1366x768"x60.0   72.00  1366 1380 1436 1500  768 769 772 800 +hsync +vsync (48.0 kHz e)
[  6277.776] (II) vmware(0): Modeline "1360x768"x60.0   85.50  1360 1424 1536 1792  768 771 777 795 +hsync +vsync (47.7 kHz e)
[  6277.776] (II) vmware(0): Modeline "1280x800"x59.8   83.50  1280 1352 1480 1680  800 803 809 831 -hsync +vsync (49.7 kHz e)
[  6277.776] (II) vmware(0): Modeline "1280x800"x59.9   71.00  1280 1328 1360 1440  800 803 809 823 +hsync -vsync (49.3 kHz e)
[  6277.776] (II) vmware(0): Modeline "1280x768"x59.9   79.50  1280 1344 1472 1664  768 771 778 798 -hsync +vsync (47.8 kHz e)
[  6277.776] (II) vmware(0): Modeline "1280x768"x60.0   68.25  1280 1328 1360 1440  768 771 778 790 +hsync -vsync (47.4 kHz e)
[  6277.776] (II) vmware(0): Modeline "1280x720"x60.0   74.25  1280 1390 1430 1650  720 725 730 750 +hsync +vsync (45.0 kHz e)
[  6277.776] (II) vmware(0): Modeline "1024x768"x60.0   65.00  1024 1048 1184 1344  768 771 777 806 -hsync -vsync (48.4 kHz e)
[  6277.776] (II) vmware(0): Modeline "800x600"x60.3   40.00  800 840 968 1056  600 601 605 628 +hsync +vsync (37.9 kHz e)
[  6277.776] (II) vmware(0): Modeline "800x600"x56.2   36.00  800 824 896 1024  600 601 603 625 +hsync +vsync (35.2 kHz e)
[  6277.776] (II) vmware(0): Modeline "848x480"x60.0   33.75  848 864 976 1088  480 486 494 517 +hsync +vsync (31.0 kHz e)
[  6277.776] (II) vmware(0): Modeline "640x480"x59.9   25.18  640 656 752 800  480 490 492 525 -hsync -vsync (31.5 kHz e)
[  6277.776] (II) vmware(0): EDID for output Virtual2
[  6277.776] (II) vmware(0): EDID for output Virtual3
[  6277.776] (II) vmware(0): EDID for output Virtual4
[  6277.777] (II) vmware(0): EDID for output Virtual5
[  6277.777] (II) vmware(0): EDID for output Virtual6
[  6277.777] (II) vmware(0): EDID for output Virtual7
[  6277.777] (II) vmware(0): EDID for output Virtual8
[  6277.777] (II) vmware(0): Output Virtual1 connected
[  6277.777] (II) vmware(0): Output Virtual2 disconnected
[  6277.777] (II) vmware(0): Output Virtual3 disconnected
[  6277.777] (II) vmware(0): Output Virtual4 disconnected
[  6277.777] (II) vmware(0): Output Virtual5 disconnected
[  6277.777] (II) vmware(0): Output Virtual6 disconnected
[  6277.777] (II) vmware(0): Output Virtual7 disconnected
[  6277.777] (II) vmware(0): Output Virtual8 disconnected
[  6277.777] (II) vmware(0): Using exact sizes for initial modes
[  6277.777] (II) vmware(0): Output Virtual1 using initial mode 1280x800 +0+0
[  6277.777] (==) vmware(0): DPI set to (96, 96)
[  6277.777] (==) vmware(0): Using gamma correction (1.0, 1.0, 1.0)
[  6277.777] (II) Loading sub module "fb"
[  6277.777] (II) LoadModule: "fb"
[  6277.777] (II) Module "fb" already built-in
[  6277.777] (II) Loading sub module "dri2"
[  6277.777] (II) LoadModule: "dri2"
[  6277.777] (II) Module "dri2" already built-in
[  6277.777] (II) Loading sub module "dri3"
[  6277.777] (II) LoadModule: "dri3"
[  6277.777] (II) Module "dri3" already built-in
[  6277.777] (II) UnloadModule: "modesetting"
[  6277.777] (II) Unloading modesetting
[  6277.777] (II) UnloadModule: "fbdev"
[  6277.777] (II) Unloading fbdev
[  6277.777] (II) UnloadSubModule: "fbdevhw"
[  6277.777] (II) Unloading fbdevhw
[  6277.777] (II) UnloadModule: "vesa"
[  6277.777] (II) Unloading vesa
[  6277.777] (II) vmware(0): Initialized VMWARE_CTRL extension version 0.2
[  6277.783] (II) vmware(0): Gallium3D XA version: 2.5.0.
[  6277.783] (II) vmware(0): Path of drm device is "/dev/dri/card0".
[  6277.783] (II) vmware(0): [DRI2] Setup complete
[  6277.783] (II) vmware(0): [DRI2]   DRI driver: vmwgfx
[  6278.391] (--) vmware(0): Render acceleration is enabled.
[  6278.391] (==) vmware(0): Rendercheck mode is disabled.
[  6278.391] (--) vmware(0): Direct rendering (DRI2 3D) is enabled.
[  6278.391] (--) vmware(0): Direct rendering (DRI3 3D) is enabled.
[  6278.391] (==) vmware(0): Direct presents are disabled.
[  6278.391] (==) vmware(0): Hardware only presents are automatic per scanout.
[  6278.391] (==) vmware(0): Backing store enabled
[  6278.391] (==) vmware(0): Silken mouse enabled
[  6278.391] (==) vmware(0): DPMS enabled
[  6278.391] (II) Initializing extension Generic Event Extension
[  6278.391] (II) Initializing extension SHAPE
[  6278.391] (II) Initializing extension MIT-SHM
[  6278.392] (II) Initializing extension XInputExtension
[  6278.392] (II) Initializing extension XTEST
[  6278.392] (II) Initializing extension BIG-REQUESTS
[  6278.392] (II) Initializing extension SYNC
[  6278.392] (II) Initializing extension XKEYBOARD
[  6278.392] (II) Initializing extension XC-MISC
[  6278.392] (II) Initializing extension SECURITY
[  6278.392] (II) Initializing extension XFIXES
[  6278.393] (II) Initializing extension RENDER
[  6278.393] (II) Initializing extension RANDR
[  6278.393] (II) Initializing extension COMPOSITE
[  6278.393] (II) Initializing extension DAMAGE
[  6278.393] (II) Initializing extension MIT-SCREEN-SAVER
[  6278.393] (II) Initializing extension DOUBLE-BUFFER
[  6278.394] (II) Initializing extension RECORD
[  6278.394] (II) Initializing extension DPMS
[  6278.394] (II) Initializing extension Present
[  6278.394] (II) Initializing extension DRI3
[  6278.394] (II) Initializing extension X-Resource
[  6278.394] (II) Initializing extension XVideo
[  6278.394] (II) Initializing extension XVideo-MotionCompensation
[  6278.394] (II) Initializing extension SELinux
[  6278.394] (II) SELinux: Disabled on system
[  6278.394] (II) Initializing extension GLX
[  6278.408] (II) AIGLX: Loaded and initialized vmwgfx
[  6278.408] (II) GLX: Initialized DRI2 GL provider for screen 0
[  6278.408] (II) Initializing extension XFree86-VidModeExtension
[  6278.408] (II) Initializing extension XFree86-DGA
[  6278.408] (II) Initializing extension XFree86-DRI
[  6278.408] (II) Initializing extension DRI2
[  6278.411] (II) vmware(0): Setting screen physical size to 338 x 211
[  6278.460] (II) config/udev: Adding input device Power Button (/dev/input/event4)
[  6278.460] (**) Power Button: Applying InputClass "libinput keyboard catchall"
[  6278.460] (II) LoadModule: "libinput"
[  6278.460] (II) Loading /usr/lib/xorg/modules/input/libinput_drv.so
[  6278.461] (II) Module libinput: vendor="X.Org Foundation"
[  6278.461] 	compiled for 1.21.1.15, module version = 1.5.0
[  6278.461] 	Module class: X.Org XInput Driver
[  6278.461] 	ABI class: X.Org XInput driver, version 24.4
[  6278.461] (II) Using input driver 'libinput' for 'Power Button'
[  6278.462] (II) systemd-logind: got fd for /dev/input/event4 13:68 fd 23 paused 0
[  6278.462] (**) Power Button: always reports core events
[  6278.462] (**) Option "Device" "/dev/input/event4"
[  6278.465] (II) event4  - Power Button: is tagged by udev as: Keyboard
[  6278.466] (II) event4  - Power Button: device is a keyboard
[  6278.466] (II) event4  - Power Button: device removed
[  6278.466] (**) Option "config_info" "udev:/sys/devices/LNXSYSTM:00/LNXPWRBN:00/input/input5/event4"
[  6278.466] (II) XINPUT: Adding extended input device "Power Button" (type: KEYBOARD, id 6)
[  6278.466] (**) Option "xkb_model" "pc105"
[  6278.466] (**) Option "xkb_layout" "br"
[  6278.488] (II) event4  - Power Button: is tagged by udev as: Keyboard
[  6278.488] (II) event4  - Power Button: device is a keyboard
[  6278.488] (II) config/udev: Adding input device Sleep Button (/dev/input/event5)
[  6278.488] (**) Sleep Button: Applying InputClass "libinput keyboard catchall"
[  6278.488] (II) Using input driver 'libinput' for 'Sleep Button'
[  6278.489] (II) systemd-logind: got fd for /dev/input/event5 13:69 fd 26 paused 0
[  6278.489] (**) Sleep Button: always reports core events
[  6278.489] (**) Option "Device" "/dev/input/event5"
[  6278.490] (II) event5  - Sleep Button: is tagged by udev as: Keyboard
[  6278.490] (II) event5  - Sleep Button: device is a keyboard
[  6278.490] (II) event5  - Sleep Button: device removed
[  6278.490] (**) Option "config_info" "udev:/sys/devices/LNXSYSTM:00/LNXSLPBN:00/input/input6/event5"
[  6278.490] (II) XINPUT: Adding extended input device "Sleep Button" (type: KEYBOARD, id 7)
[  6278.490] (**) Option "xkb_model" "pc105"
[  6278.490] (**) Option "xkb_layout" "br"
[  6278.491] (II) event5  - Sleep Button: is tagged by udev as: Keyboard
[  6278.491] (II) event5  - Sleep Button: device is a keyboard
[  6278.491] (II) config/udev: Adding input device Video Bus (/dev/input/event1)
[  6278.491] (**) Video Bus: Applying InputClass "libinput keyboard catchall"
[  6278.491] (II) Using input driver 'libinput' for 'Video Bus'
[  6278.492] (II) systemd-logind: got fd for /dev/input/event1 13:65 fd 27 paused 0
[  6278.492] (**) Video Bus: always reports core events
[  6278.492] (**) Option "Device" "/dev/input/event1"
[  6278.493] (II) event1  - Video Bus: is tagged by udev as: Keyboard
[  6278.493] (II) event1  - Video Bus: device is a keyboard
[  6278.493] (II) event1  - Video Bus: device removed
[  6278.493] (**) Option "config_info" "udev:/sys/devices/LNXSYSTM:00/LNXSYBUS:00/PNP0A03:00/LNXVIDEO:00/input/input2/event1"
[  6278.493] (II) XINPUT: Adding extended input device "Video Bus" (type: KEYBOARD, id 8)
[  6278.493] (**) Option "xkb_model" "pc105"
[  6278.493] (**) Option "xkb_layout" "br"
[  6278.494] (II) event1  - Video Bus: is tagged by udev as: Keyboard
[  6278.494] (II) event1  - Video Bus: device is a keyboard
[  6278.496] (II) config/udev: Adding input device VirtualBox mouse integration (/dev/input/event7)
[  6278.496] (**) VirtualBox mouse integration: Applying InputClass "libinput pointer catchall"
[  6278.496] (II) Using input driver 'libinput' for 'VirtualBox mouse integration'
[  6278.496] (II) systemd-logind: got fd for /dev/input/event7 13:71 fd 28 paused 0
[  6278.496] (**) VirtualBox mouse integration: always reports core events
[  6278.496] (**) Option "Device" "/dev/input/event7"
[  6278.497] (II) event7  - VirtualBox mouse integration: is tagged by udev as: Mouse
[  6278.497] (II) event7  - VirtualBox mouse integration: device is a pointer
[  6278.497] (II) event7  - VirtualBox mouse integration: device removed
[  6278.497] (**) Option "config_info" "udev:/sys/devices/pci0000:00/0000:00:04.0/input/input8/event7"
[  6278.497] (II) XINPUT: Adding extended input device "VirtualBox mouse integration" (type: MOUSE, id 9)
[  6278.498] (**) Option "AccelerationScheme" "none"
[  6278.498] (**) VirtualBox mouse integration: (accel) selected scheme none/0
[  6278.498] (**) VirtualBox mouse integration: (accel) acceleration factor: 2.000
[  6278.498] (**) VirtualBox mouse integration: (accel) acceleration threshold: 4
[  6278.498] (II) event7  - VirtualBox mouse integration: is tagged by udev as: Mouse
[  6278.498] (II) event7  - VirtualBox mouse integration: device is a pointer
[  6278.499] (II) config/udev: Adding input device VirtualBox mouse integration (/dev/input/js1)
[  6278.499] (II) No input driver specified, ignoring this device.
[  6278.499] (II) This device may have been added with another device file.
[  6278.499] (II) config/udev: Adding input device VirtualBox mouse integration (/dev/input/mouse2)
[  6278.499] (II) No input driver specified, ignoring this device.
[  6278.499] (II) This device may have been added with another device file.
[  6278.500] (II) config/udev: Adding input device VirtualBox USB Tablet (/dev/input/event3)
[  6278.500] (**) VirtualBox USB Tablet: Applying InputClass "libinput pointer catchall"
[  6278.500] (II) Using input driver 'libinput' for 'VirtualBox USB Tablet'
[  6278.501] (II) systemd-logind: got fd for /dev/input/event3 13:67 fd 29 paused 0
[  6278.501] (**) VirtualBox USB Tablet: always reports core events
[  6278.501] (**) Option "Device" "/dev/input/event3"
[  6278.502] (II) event3  - VirtualBox USB Tablet: is tagged by udev as: Mouse
[  6278.503] (II) event3  - VirtualBox USB Tablet: device is a pointer
[  6278.503] (II) event3  - VirtualBox USB Tablet: device removed
[  6278.503] (**) Option "config_info" "udev:/sys/devices/pci0000:00/0000:00:06.0/usb2/2-1/2-1:1.0/0003:80EE:0021.0001/input/input4/event3"
[  6278.503] (II) XINPUT: Adding extended input device "VirtualBox USB Tablet" (type: MOUSE, id 10)
[  6278.503] (**) Option "AccelerationScheme" "none"
[  6278.503] (**) VirtualBox USB Tablet: (accel) selected scheme none/0
[  6278.503] (**) VirtualBox USB Tablet: (accel) acceleration factor: 2.000
[  6278.503] (**) VirtualBox USB Tablet: (accel) acceleration threshold: 4
[  6278.504] (II) event3  - VirtualBox USB Tablet: is tagged by udev as: Mouse
[  6278.505] (II) event3  - VirtualBox USB Tablet: device is a pointer
[  6278.505] (II) config/udev: Adding input device VirtualBox USB Tablet (/dev/input/js0)
[  6278.505] (II) No input driver specified, ignoring this device.
[  6278.505] (II) This device may have been added with another device file.
[  6278.506] (II) config/udev: Adding input device VirtualBox USB Tablet (/dev/input/mouse1)
[  6278.506] (II) No input driver specified, ignoring this device.
[  6278.506] (II) This device may have been added with another device file.
[  6278.507] (II) config/udev: Adding input device AT Translated Set 2 keyboard (/dev/input/event0)
[  6278.507] (**) AT Translated Set 2 keyboard: Applying InputClass "libinput keyboard catchall"
[  6278.507] (II) Using input driver 'libinput' for 'AT Translated Set 2 keyboard'
[  6278.508] (II) systemd-logind: got fd for /dev/input/event0 13:64 fd 30 paused 0
[  6278.508] (**) AT Translated Set 2 keyboard: always reports core events
[  6278.508] (**) Option "Device" "/dev/input/event0"
[  6278.509] (II) event0  - AT Translated Set 2 keyboard: is tagged by udev as: Keyboard
[  6278.509] (II) event0  - AT Translated Set 2 keyboard: device is a keyboard
[  6278.509] (II) event0  - AT Translated Set 2 keyboard: device removed
[  6278.509] (**) Option "config_info" "udev:/sys/devices/platform/i8042/serio0/input/input0/event0"
[  6278.509] (II) XINPUT: Adding extended input device "AT Translated Set 2 keyboard" (type: KEYBOARD, id 11)
[  6278.509] (**) Option "xkb_model" "pc105"
[  6278.509] (**) Option "xkb_layout" "br"
[  6278.511] (II) event0  - AT Translated Set 2 keyboard: is tagged by udev as: Keyboard
[  6278.511] (II) event0  - AT Translated Set 2 keyboard: device is a keyboard
[  6278.512] (II) config/udev: Adding input device ImExPS/2 Generic Explorer Mouse (/dev/input/event2)
[  6278.512] (**) ImExPS/2 Generic Explorer Mouse: Applying InputClass "libinput pointer catchall"
[  6278.512] (II) Using input driver 'libinput' for 'ImExPS/2 Generic Explorer Mouse'
[  6278.514] (II) systemd-logind: got fd for /dev/input/event2 13:66 fd 31 paused 0
[  6278.514] (**) ImExPS/2 Generic Explorer Mouse: always reports core events
[  6278.514] (**) Option "Device" "/dev/input/event2"
[  6278.515] (II) event2  - ImExPS/2 Generic Explorer Mouse: is tagged by udev as: Mouse
[  6278.515] (II) event2  - ImExPS/2 Generic Explorer Mouse: device is a pointer
[  6278.515] (II) event2  - ImExPS/2 Generic Explorer Mouse: device removed
[  6278.515] (II) libinput: ImExPS/2 Generic Explorer Mouse: Step value 0 was provided, libinput Fallback acceleration function is used.
[  6278.515] (II) libinput: ImExPS/2 Generic Explorer Mouse: Step value 0 was provided, libinput Fallback acceleration function is used.
[  6278.515] (II) libinput: ImExPS/2 Generic Explorer Mouse: Step value 0 was provided, libinput Fallback acceleration function is used.
[  6278.515] (**) Option "config_info" "udev:/sys/devices/platform/i8042/serio1/input/input3/event2"
[  6278.515] (II) XINPUT: Adding extended input device "ImExPS/2 Generic Explorer Mouse" (type: MOUSE, id 12)
[  6278.515] (**) Option "AccelerationScheme" "none"
[  6278.515] (**) ImExPS/2 Generic Explorer Mouse: (accel) selected scheme none/0
[  6278.515] (**) ImExPS/2 Generic Explorer Mouse: (accel) acceleration factor: 2.000
[  6278.515] (**) ImExPS/2 Generic Explorer Mouse: (accel) acceleration threshold: 4
[  6278.516] (II) event2  - ImExPS/2 Generic Explorer Mouse: is tagged by udev as: Mouse
[  6278.516] (II) event2  - ImExPS/2 Generic Explorer Mouse: device is a pointer
[  6278.517] (II) config/udev: Adding input device ImExPS/2 Generic Explorer Mouse (/dev/input/mouse0)
[  6278.517] (II) No input driver specified, ignoring this device.
[  6278.517] (II) This device may have been added with another device file.
[  6278.517] (II) config/udev: Adding input device PC Speaker (/dev/input/event6)
[  6278.517] (II) No input driver specified, ignoring this device.
[  6278.517] (II) This device may have been added with another device file.
[  6332.611] (**) Option "fd" "23"
[  6332.611] (II) event4  - Power Button: device removed
[  6332.612] (**) Option "fd" "26"
[  6332.612] (II) event5  - Sleep Button: device removed
[  6332.612] (**) Option "fd" "27"
[  6332.612] (II) event1  - Video Bus: device removed
[  6332.612] (**) Option "fd" "28"
[  6332.612] (II) event7  - VirtualBox mouse integration: device removed
[  6332.612] (**) Option "fd" "29"
[  6332.612] (II) event3  - VirtualBox USB Tablet: device removed
[  6332.612] (**) Option "fd" "30"
[  6332.612] (II) event0  - AT Translated Set 2 keyboard: device removed
[  6332.612] (**) Option "fd" "31"
[  6332.612] (II) event2  - ImExPS/2 Generic Explorer Mouse: device removed
[  6332.612] (II) AIGLX: Suspending AIGLX clients for VT switch
[  6332.631] (II) systemd-logind: got pause for 13:69
[  6332.632] (II) systemd-logind: got pause for 13:68
[  6332.632] (II) systemd-logind: got pause for 13:65
[  6332.632] (II) systemd-logind: got pause for 13:64
[  6332.632] (II) systemd-logind: got pause for 13:71
[  6332.632] (II) systemd-logind: got pause for 13:66
[  6332.632] (II) systemd-logind: got pause for 13:67
[ 11884.165] (II) config/udev: removing device VirtualBox mouse integration
[ 11884.165] (II) UnloadModule: "libinput"
[ 11884.165] (II) systemd-logind: releasing fd for 13:71
[ 11884.387] (II) config/udev: Adding input device VirtualBox mouse integration (/dev/input/mouse2)
[ 11884.387] (II) No input driver specified, ignoring this device.
[ 11884.387] (II) This device may have been added with another device file.
[ 11884.392] (II) config/udev: Adding input device VirtualBox mouse integration (/dev/input/js1)
[ 11884.392] (II) No input driver specified, ignoring this device.
[ 11884.392] (II) This device may have been added with another device file.
[ 11884.422] (II) config/udev: Adding input device VirtualBox mouse integration (/dev/input/event7)
[ 11884.422] (**) VirtualBox mouse integration: Applying InputClass "libinput pointer catchall"
[ 11884.422] (II) Using input driver 'libinput' for 'VirtualBox mouse integration'
[ 11884.426] (II) systemd-logind: got fd for /dev/input/event7 13:71 fd 26 paused 1
[ 11884.426] (II) systemd-logind: releasing fd for 13:71
[ 11911.526] (II) UnloadModule: "libinput"
[ 11911.526] (II) systemd-logind: releasing fd for 13:66
[ 11911.542] (II) UnloadModule: "libinput"
[ 11911.542] (II) systemd-logind: releasing fd for 13:64
[ 11911.589] (II) UnloadModule: "libinput"
[ 11911.589] (II) systemd-logind: releasing fd for 13:67
[ 11911.737] (II) UnloadModule: "libinput"
[ 11911.737] (II) systemd-logind: releasing fd for 13:65
[ 11911.820] (II) UnloadModule: "libinput"
[ 11911.820] (II) systemd-logind: releasing fd for 13:69
[ 11911.877] (II) UnloadModule: "libinput"
[ 11911.877] (II) systemd-logind: releasing fd for 13:68
[ 11911.926] (WW) xf86CloseConsole: KDSETMODE failed: Input/output error
[ 11911.926] (WW) xf86CloseConsole: VT_GETMODE failed: Input/output error
[ 11911.926] (WW) xf86OpenConsole: VT_GETSTATE failed: Input/output error
[ 11911.960] (II) Server terminated successfully (0). Closing log file.
